<?xml version="1.0" encoding="UTF-8"?>
<!-- Generated by org.testng.reporters.JUnitXMLReporter -->
<testsuite hostname="USABOS217669L" name="Default test" tests="3" failures="0" timestamp="14 Oct 2018 22:24:11 GMT" time="75.293" errors="0">
  <testcase name="test1" time="4.077" classname="com.was.qa.testcases.MyMoneyMapPageTest"/>
  <testcase name="test2" time="12.809" classname="com.was.qa.testcases.MyMoneyMapPageTest"/>
  <testcase name="test3" time="12.168" classname="com.was.qa.testcases.MyMoneyMapPageTest"/>
</testsuite> <!-- Default test -->
