<?xml version="1.0" encoding="UTF-8"?>
<!-- Generated by org.testng.reporters.JUnitXMLReporter -->
<testsuite hostname="USABOS217669L" name="Default test" tests="18" failures="0" timestamp="16 Oct 2018 00:19:47 GMT" time="304.773" errors="0">
  <testcase name="accountTransferToSameAccountTest" time="4.185" classname="com.was.qa.testcases.TransferFundsPageTest"/>
  <testcase name="transferFundsPageTitleTest" time="0.021" classname="com.was.qa.testcases.TransferFundsPageTest"/>
  <testcase name="homePageTitleTest" time="0.022" classname="com.was.qa.testcases.HomePageTest"/>
  <testcase name="mainPageTitleTest" time="0.082" classname="com.was.qa.testcases.MainPageTest"/>
  <testcase name="payBillsPageTitleTest" time="0.019" classname="com.was.qa.testcases.PayBillsPageTest"/>
  <testcase name="insuffcientFundsTest" time="4.346" classname="com.was.qa.testcases.TransferFundsPageTest"/>
  <testcase name="contextClickTest" time="3.013" classname="com.was.qa.testcases.HomePageTest"/>
  <testcase name="zeroBankLogoTest" time="0.19" classname="com.was.qa.testcases.MainPageTest"/>
  <testcase name="ctrlATest" time="7.115" classname="com.was.qa.testcases.HomePageTest"/>
  <testcase name="navigateToLoginPageTest" time="3.742" classname="com.was.qa.testcases.MainPageTest"/>
  <testcase name="selectHelpFromDropDownTest" time="6.651" classname="com.was.qa.testcases.HomePageTest"/>
  <testcase name="validateUserTest" time="0.092" classname="com.was.qa.testcases.HomePageTest"/>
  <testcase name="logOutTest" time="7.03" classname="com.was.qa.testcases.HomePageTest"/>
  <testcase name="test1" time="4.824" classname="com.was.qa.testcases.MyMoneyMapPageTest"/>
  <testcase name="test2" time="13.662" classname="com.was.qa.testcases.MyMoneyMapPageTest"/>
  <testcase name="test3" time="11.258" classname="com.was.qa.testcases.MyMoneyMapPageTest"/>
  <testcase name="loginPageTitleTest" time="0.084" classname="com.was.qa.testcases.LoginPageTest"/>
  <testcase name="loginTest" time="5.226" classname="com.was.qa.testcases.LoginPageTest"/>
</testsuite> <!-- Default test -->
