<?xml version="1.0" encoding="UTF-8"?>
<testng-results skipped="0" failed="1" total="1" passed="0">
  <reporter-output>
  </reporter-output>
  <suite name="Default suite" duration-ms="14159" started-at="2018-10-14T00:16:02Z" finished-at="2018-10-14T00:16:16Z">
    <groups>
    </groups>
    <test name="Default test" duration-ms="14159" started-at="2018-10-14T00:16:02Z" finished-at="2018-10-14T00:16:16Z">
      <class name="com.was.qa.testcases.TransferFundsPageTest">
        <test-method status="PASS" signature="setUp()[pri:0, instance:com.was.qa.testcases.TransferFundsPageTest@68c4039c]" name="setUp" is-config="true" duration-ms="13406" started-at="2018-10-13T20:16:02Z" finished-at="2018-10-13T20:16:16Z">
          <reporter-output>
          </reporter-output>
        </test-method> <!-- setUp -->
        <test-method status="FAIL" signature="validateTransferTest()[pri:0, instance:com.was.qa.testcases.TransferFundsPageTest@68c4039c]" name="validateTransferTest" duration-ms="9" started-at="2018-10-13T20:16:16Z" finished-at="2018-10-13T20:16:16Z">
          <exception class="java.lang.NullPointerException">
            <full-stacktrace>
              <![CDATA[java.lang.NullPointerException
	at org.openqa.selenium.support.ui.Select.<init>(Select.java:44)
	at com.was.qa.pages.TransferFundsPage.selectFromAccount(TransferFundsPage.java:49)
	at com.was.qa.pages.TransferFundsPage.validateTransfer(TransferFundsPage.java:75)
	at com.was.qa.testcases.TransferFundsPageTest.validateTransferTest(TransferFundsPageTest.java:44)
	at sun.reflect.NativeMethodAccessorImpl.invoke0(Native Method)
	at sun.reflect.NativeMethodAccessorImpl.invoke(Unknown Source)
	at sun.reflect.DelegatingMethodAccessorImpl.invoke(Unknown Source)
	at java.lang.reflect.Method.invoke(Unknown Source)
	at org.testng.internal.MethodInvocationHelper.invokeMethod(MethodInvocationHelper.java:80)
	at org.testng.internal.Invoker.invokeMethod(Invoker.java:714)
	at org.testng.internal.Invoker.invokeTestMethod(Invoker.java:901)
	at org.testng.internal.Invoker.invokeTestMethods(Invoker.java:1231)
	at org.testng.internal.TestMethodWorker.invokeTestMethods(TestMethodWorker.java:127)
	at org.testng.internal.TestMethodWorker.run(TestMethodWorker.java:111)
	at org.testng.TestRunner.privateRun(TestRunner.java:767)
	at org.testng.TestRunner.run(TestRunner.java:617)
	at org.testng.SuiteRunner.runTest(SuiteRunner.java:334)
	at org.testng.SuiteRunner.runSequentially(SuiteRunner.java:329)
	at org.testng.SuiteRunner.privateRun(SuiteRunner.java:291)
	at org.testng.SuiteRunner.run(SuiteRunner.java:240)
	at org.testng.SuiteRunnerWorker.runSuite(SuiteRunnerWorker.java:52)
	at org.testng.SuiteRunnerWorker.run(SuiteRunnerWorker.java:86)
	at org.testng.TestNG.runSuitesSequentially(TestNG.java:1198)
	at org.testng.TestNG.runSuitesLocally(TestNG.java:1123)
	at org.testng.TestNG.run(TestNG.java:1031)
	at org.testng.remote.AbstractRemoteTestNG.run(AbstractRemoteTestNG.java:114)
	at org.testng.remote.RemoteTestNG.initAndRun(RemoteTestNG.java:251)
	at org.testng.remote.RemoteTestNG.main(RemoteTestNG.java:77)
]]>
            </full-stacktrace>
          </exception> <!-- java.lang.NullPointerException -->
          <reporter-output>
          </reporter-output>
        </test-method> <!-- validateTransferTest -->
        <test-method status="PASS" signature="cleanUp()[pri:0, instance:com.was.qa.testcases.TransferFundsPageTest@68c4039c]" name="cleanUp" is-config="true" duration-ms="723" started-at="2018-10-13T20:16:16Z" finished-at="2018-10-13T20:16:16Z">
          <reporter-output>
          </reporter-output>
        </test-method> <!-- cleanUp -->
      </class> <!-- com.was.qa.testcases.TransferFundsPageTest -->
    </test> <!-- Default test -->
  </suite> <!-- Default suite -->
</testng-results>
